-- Found ament_cmake: 1.3.7 (/opt/ros/humble/share/ament_cmake/cmake)
-- Override CMake install command with custom implementation using symlinks instead of copying resources
-- Found cartesian_controller_base: 0.0.0 (/home/fabio_tdt/Documents/ros2_dataset_ws/install/cartesian_controller_base/share/cartesian_controller_base/cmake)
-- Found rosidl_generator_c: 3.1.5 (/opt/ros/humble/share/rosidl_generator_c/cmake)
-- Found rosidl_adapter: 3.1.5 (/opt/ros/humble/share/rosidl_adapter/cmake)
-- Found rosidl_generator_cpp: 3.1.5 (/opt/ros/humble/share/rosidl_generator_cpp/cmake)
-- Using all available rosidl_typesupport_c: rosidl_typesupport_fastrtps_c;rosidl_typesupport_introspection_c
-- Using all available rosidl_typesupport_cpp: rosidl_typesupport_fastrtps_cpp;rosidl_typesupport_introspection_cpp
-- Found rmw_implementation_cmake: 6.1.1 (/opt/ros/humble/share/rmw_implementation_cmake/cmake)
-- Found rmw_fastrtps_cpp: 6.2.6 (/opt/ros/humble/share/rmw_fastrtps_cpp/cmake)
-- Found TinyXML2 via Config file: TinyXML2_DIR-NOTFOUND
-- Found TinyXML2 via Config file: TinyXML2_DIR-NOTFOUND
-- Found TinyXML2 via Config file: TinyXML2_DIR-NOTFOUND
-- Found TinyXML2 via Config file: TinyXML2_DIR-NOTFOUND
-- Using RMW implementation 'rmw_fastrtps_cpp' as default
-- Found eigen3_cmake_module: 0.1.1 (/opt/ros/humble/share/eigen3_cmake_module/cmake)
-- Ensuring Eigen3 include directory is part of orocos-kdl CMake target
-- Configuring done
-- Generating done
-- Build files have been written to: /home/fabio_tdt/Documents/ros2_dataset_ws/build/cartesian_controller_simulation
gmake[2]: *** No rule to make target '/home/fabio_tdt/mujoco-3.0.0/lib/libmujoco.so', needed by 'libmujoco_simulator.so'.  Stop.
gmake[2]: *** Waiting for unfinished jobs....
[ 25%] [32mBuilding CXX object CMakeFiles/mujoco_simulator.dir/src/mujoco_simulator.cpp.o[0m
In file included from [01m[K/home/fabio_tdt/Documents/ros2_dataset_ws/src/cartesian_controllers/cartesian_controller_simulation/src/mujoco_simulator.cpp:40[m[K:
[01m[K/home/fabio_tdt/Documents/ros2_dataset_ws/src/cartesian_controllers/cartesian_controller_simulation/include/cartesian_controller_simulation/mujoco_simulator.h:48:10:[m[K [01;31m[Kfatal error: [m[Kmujoco/mujoco.h: No such file or directory
   48 | #include [01;31m[K"mujoco/mujoco.h"[m[K
      |          [01;31m[K^~~~~~~~~~~~~~~~~[m[K
compilation terminated.
gmake[2]: *** [CMakeFiles/mujoco_simulator.dir/build.make:76: CMakeFiles/mujoco_simulator.dir/src/mujoco_simulator.cpp.o] Error 1
gmake[1]: *** [CMakeFiles/Makefile2:165: CMakeFiles/mujoco_simulator.dir/all] Error 2
gmake: *** [Makefile:146: all] Error 2
